app/build/outputs/logs/manifest-merger-debug-report.txt
-- Merging decision tree log ---
manifest
ADDED from src/main/AndroidManifest.xml:3:1-82:12
	package
		ADDED from src/main/AndroidManifest.xml:4:5-35
		INJECTED from src/main/AndroidManifest.xml
		INJECTED from src/main/AndroidManifest.xml
	android:versionName
		ADDED from src/main/AndroidManifest.xml:6:5-34
		INJECTED from src/main/AndroidManifest.xml
		INJECTED from src/main/AndroidManifest.xml
	android:versionCode
		ADDED from src/main/AndroidManifest.xml:5:5-28
		INJECTED from src/main/AndroidManifest.xml
		INJECTED from src/main/AndroidManifest.xml
	xmlns:android
		ADDED from src/main/AndroidManifest.xml:3:11-69
uses-sdk
ADDED from src/main/AndroidManifest.xml:8:5-10:41
	android:targetSdkVersion
		ADDED from src/main/AndroidManifest.xml:10:9-38
		INJECTED from src/main/AndroidManifest.xml
		INJECTED from src/main/AndroidManifest.xml
	android:minSdkVersion
		ADDED from src/main/AndroidManifest.xml:9:9-35
		INJECTED from src/main/AndroidManifest.xml
		INJECTED from src/main/AndroidManifest.xml
uses-permission#android.permission.WAKE_LOCK
ADDED from src/main/AndroidManifest.xml:12:5-68
	android:name
		ADDED from src/main/AndroidManifest.xml:12:22-65
uses-permission#android.permission.BLUETOOTH
ADDED from src/main/AndroidManifest.xml:13:5-68
	android:name
		ADDED from src/main/AndroidManifest.xml:13:22-65
uses-permission#android.permission.BLUETOOTH_ADMIN
ADDED from src/main/AndroidManifest.xml:14:5-74
	android:name
		ADDED from src/main/AndroidManifest.xml:14:22-71
uses-permission#android.permission.WRITE_INTERNAL_STORAGE
ADDED from src/main/AndroidManifest.xml:15:5-81
	android:name
		ADDED from src/main/AndroidManifest.xml:15:22-78
uses-permission#android.permission.READ_EXTERNAL_STORAGE
ADDED from src/main/AndroidManifest.xml:16:5-80
	android:name
		ADDED from src/main/AndroidManifest.xml:16:22-77
uses-permission#android.permission.WRITE_EXTERNAL_STORAGE
ADDED from src/main/AndroidManifest.xml:17:5-81
	android:name
		ADDED from src/main/AndroidManifest.xml:17:22-78
uses-permission#android.permission.ACCESS_FINE_LOCATION
ADDED from src/main/AndroidManifest.xml:18:5-78
	android:name
		ADDED from src/main/AndroidManifest.xml:18:22-76
uses-permission#android.permission.INTERNET
ADDED from src/main/AndroidManifest.xml:19:5-66
	android:name
		ADDED from src/main/AndroidManifest.xml:19:22-64
application
ADDED from src/main/AndroidManifest.xml:22:5-80:19
	android:label
		ADDED from src/main/AndroidManifest.xml:25:9-41
	android:allowBackup
		ADDED from src/main/AndroidManifest.xml:23:9-35
	android:icon
		ADDED from src/main/AndroidManifest.xml:24:9-49
	android:theme
		ADDED from src/main/AndroidManifest.xml:26:9-40
activity#ceu.marten.ui.HomeActivity
ADDED from src/main/AndroidManifest.xml:27:9-36:20
	android:label
		ADDED from src/main/AndroidManifest.xml:30:13-47
	android:configChanges
		ADDED from src/main/AndroidManifest.xml:29:13-74
	android:name
		ADDED from src/main/AndroidManifest.xml:28:13-54
intent-filter#android.intent.action.MAIN+android.intent.category.LAUNCHER
ADDED from src/main/AndroidManifest.xml:31:13-35:29
action#android.intent.action.MAIN
ADDED from src/main/AndroidManifest.xml:32:17-69
	android:name
		ADDED from src/main/AndroidManifest.xml:32:25-66
category#android.intent.category.LAUNCHER
ADDED from src/main/AndroidManifest.xml:34:17-77
	android:name
		ADDED from src/main/AndroidManifest.xml:34:27-74
activity#ceu.marten.ui.ConfigurationsActivity
ADDED from src/main/AndroidManifest.xml:37:9-43:20
	android:label
		ADDED from src/main/AndroidManifest.xml:40:13-57
	android:parentActivityName
		ADDED from src/main/AndroidManifest.xml:41:13-68
	android:windowSoftInputMode
		ADDED from src/main/AndroidManifest.xml:42:13-52
	android:configChanges
		ADDED from src/main/AndroidManifest.xml:39:13-74
	android:name
		ADDED from src/main/AndroidManifest.xml:38:13-64
activity#ceu.marten.ui.NewRecordingActivity
ADDED from src/main/AndroidManifest.xml:44:9-50:20
	android:label
		ADDED from src/main/AndroidManifest.xml:47:13-57
	android:parentActivityName
		ADDED from src/main/AndroidManifest.xml:49:13-78
	android:launchMode
		ADDED from src/main/AndroidManifest.xml:48:13-44
	android:configChanges
		ADDED from src/main/AndroidManifest.xml:46:13-74
	android:name
		ADDED from src/main/AndroidManifest.xml:45:13-62
activity#ceu.marten.ui.NewConfigurationActivity
ADDED from src/main/AndroidManifest.xml:51:9-56:20
	android:label
		ADDED from src/main/AndroidManifest.xml:54:13-61
	android:parentActivityName
		ADDED from src/main/AndroidManifest.xml:55:13-68
	android:configChanges
		ADDED from src/main/AndroidManifest.xml:53:13-74
	android:name
		ADDED from src/main/AndroidManifest.xml:52:13-66
activity#ceu.marten.ui.RecordingsActivity
ADDED from src/main/AndroidManifest.xml:57:9-62:20
	android:label
		ADDED from src/main/AndroidManifest.xml:60:13-53
	android:parentActivityName
		ADDED from src/main/AndroidManifest.xml:61:13-68
	android:configChanges
		ADDED from src/main/AndroidManifest.xml:59:13-74
	android:name
		ADDED from src/main/AndroidManifest.xml:58:13-60
activity#ceu.marten.ui.SettingsActivity
ADDED from src/main/AndroidManifest.xml:63:9-70:20
	android:label
		ADDED from src/main/AndroidManifest.xml:65:13-58
	android:name
		ADDED from src/main/AndroidManifest.xml:64:13-58
intent-filter#android.intent.cetagory.PREFERENCE+ceu.marten.ui.SettingsActivity
ADDED from src/main/AndroidManifest.xml:66:13-69:29
action#ceu.marten.ui.SettingsActivity
ADDED from src/main/AndroidManifest.xml:67:17-73
	android:name
		ADDED from src/main/AndroidManifest.xml:67:25-70
category#android.intent.cetagory.PREFERENCE
ADDED from src/main/AndroidManifest.xml:68:17-79
	android:name
		ADDED from src/main/AndroidManifest.xml:68:27-76
service#ceu.marten.services.BiopluxService
ADDED from src/main/AndroidManifest.xml:72:9-76:47
	android:enabled
		ADDED from src/main/AndroidManifest.xml:74:13-35
	android:process
		ADDED from src/main/AndroidManifest.xml:76:13-44
	android:exported
		ADDED from src/main/AndroidManifest.xml:75:13-37
	android:name
		ADDED from src/main/AndroidManifest.xml:73:13-62
service#ceu.marten.services.GPSService
ADDED from src/main/AndroidManifest.xml:77:9-79:38
	android:enabled
		ADDED from src/main/AndroidManifest.xml:79:13-35
	android:name
		ADDED from src/main/AndroidManifest.xml:78:13-58